<?xml version="1.0" encoding="UTF-8"?>
<coverage generated="1549988804968" clover="3.2.0">
  <project timestamp="1549988804968" name="All files">
    <metrics statements="12" coveredstatements="12" conditionals="6" coveredconditionals="6" methods="5" coveredmethods="5" elements="23" coveredelements="23" complexity="0" loc="12" ncloc="12" packages="1" files="1" classes="1"/>
    <file name="fizzBuzz.js" path="/Users/rodrigotorricodelcastillo/RefactoringFizzBuzz/fizzBuzz.js">
      <metrics statements="12" coveredstatements="12" conditionals="6" coveredconditionals="6" methods="5" coveredmethods="5"/>
      <line num="2" count="207" type="stmt"/>
      <line num="6" count="108" type="stmt"/>
      <line num="10" count="108" type="cond" truecount="2" falsecount="0"/>
      <line num="15" count="108" type="cond" truecount="4" falsecount="0"/>
      <line num="17" count="9" type="stmt"/>
      <line num="19" count="29" type="stmt"/>
      <line num="21" count="15" type="stmt"/>
      <line num="23" count="55" type="stmt"/>
      <line num="28" count="1" type="stmt"/>
      <line num="29" count="100" type="stmt"/>
      <line num="33" count="1" type="stmt"/>
      <line num="35" count="1" type="stmt"/>
    </file>
  </project>
</coverage>
