{"/Users/rodrigotorricodelcastillo/RefactoringFizzBuzz/fizzBuzz.js": {"path":"/Users/rodrigotorricodelcastillo/RefactoringFizzBuzz/fizzBuzz.js","statementMap":{"0":{"start":{"line":2,"column":2},"end":{"line":2,"column":26}},"1":{"start":{"line":6,"column":2},"end":{"line":6,"column":26}},"2":{"start":{"line":10,"column":2},"end":{"line":10,"column":44}},"3":{"start":{"line":15,"column":2},"end":{"line":24,"column":3}},"4":{"start":{"line":17,"column":6},"end":{"line":17,"column":24}},"5":{"start":{"line":19,"column":6},"end":{"line":19,"column":20}},"6":{"start":{"line":21,"column":6},"end":{"line":21,"column":20}},"7":{"start":{"line":23,"column":6},"end":{"line":23,"column":20}},"8":{"start":{"line":28,"column":2},"end":{"line":30,"column":3}},"9":{"start":{"line":29,"column":4},"end":{"line":29,"column":34}},"10":{"start":{"line":33,"column":0},"end":{"line":33,"column":24}},"11":{"start":{"line":35,"column":0},"end":{"line":35,"column":31}}},"fnMap":{"0":{"name":"isFizz","decl":{"start":{"line":1,"column":9},"end":{"line":1,"column":15}},"loc":{"start":{"line":1,"column":24},"end":{"line":3,"column":1}},"line":1},"1":{"name":"isBuzz","decl":{"start":{"line":5,"column":9},"end":{"line":5,"column":15}},"loc":{"start":{"line":5,"column":24},"end":{"line":7,"column":1}},"line":5},"2":{"name":"isFizzBuzz","decl":{"start":{"line":9,"column":9},"end":{"line":9,"column":19}},"loc":{"start":{"line":9,"column":28},"end":{"line":11,"column":1}},"line":9},"3":{"name":"getFizzBuzzOf","decl":{"start":{"line":14,"column":9},"end":{"line":14,"column":22}},"loc":{"start":{"line":14,"column":32},"end":{"line":25,"column":1}},"line":14},"4":{"name":"fizzBuzzSequenceTo","decl":{"start":{"line":27,"column":9},"end":{"line":27,"column":27}},"loc":{"start":{"line":27,"column":35},"end":{"line":31,"column":1}},"line":27}},"branchMap":{"0":{"loc":{"start":{"line":10,"column":10},"end":{"line":10,"column":42}},"type":"binary-expr","locations":[{"start":{"line":10,"column":10},"end":{"line":10,"column":24}},{"start":{"line":10,"column":28},"end":{"line":10,"column":42}}],"line":10},"1":{"loc":{"start":{"line":15,"column":2},"end":{"line":24,"column":3}},"type":"switch","locations":[{"start":{"line":16,"column":4},"end":{"line":17,"column":24}},{"start":{"line":18,"column":4},"end":{"line":19,"column":20}},{"start":{"line":20,"column":4},"end":{"line":21,"column":20}},{"start":{"line":22,"column":4},"end":{"line":23,"column":20}}],"line":15}},"s":{"0":207,"1":108,"2":108,"3":108,"4":9,"5":29,"6":15,"7":55,"8":1,"9":100,"10":1,"11":1},"f":{"0":207,"1":108,"2":108,"3":108,"4":1},"b":{"0":[108,38],"1":[9,29,15,55]},"_coverageSchema":"43e27e138ebf9cfc5966b082cf9a028302ed4184","hash":"affc9e9bc3dde8914049e616eac29d8284b64d46"}
}
