{"/Users/rodrigotorricodelcastillo/RefactoringFizzBuzz/fizzBuzz.js": {"path":"/Users/rodrigotorricodelcastillo/RefactoringFizzBuzz/fizzBuzz.js","statementMap":{"0":{"start":{"line":3,"column":8},"end":{"line":18,"column":22}},"1":{"start":{"line":5,"column":10},"end":{"line":5,"column":27}},"2":{"start":{"line":8,"column":10},"end":{"line":18,"column":22}},"3":{"start":{"line":10,"column":12},"end":{"line":10,"column":25}},"4":{"start":{"line":13,"column":12},"end":{"line":18,"column":22}},"5":{"start":{"line":15,"column":14},"end":{"line":15,"column":27}},"6":{"start":{"line":18,"column":14},"end":{"line":18,"column":22}},"7":{"start":{"line":22,"column":2},"end":{"line":24,"column":3}},"8":{"start":{"line":26,"column":2},"end":{"line":26,"column":13}},"9":{"start":{"line":28,"column":2},"end":{"line":28,"column":28}}},"fnMap":{"0":{"name":"fizzbuzz","decl":{"start":{"line":1,"column":9},"end":{"line":1,"column":17}},"loc":{"start":{"line":1,"column":22},"end":{"line":20,"column":3}},"line":1}},"branchMap":{"0":{"loc":{"start":{"line":3,"column":8},"end":{"line":18,"column":22}},"type":"if","locations":[{"start":{"line":3,"column":8},"end":{"line":18,"column":22}},{"start":{"line":3,"column":8},"end":{"line":18,"column":22}}],"line":3},"1":{"loc":{"start":{"line":3,"column":12},"end":{"line":3,"column":38}},"type":"binary-expr","locations":[{"start":{"line":3,"column":12},"end":{"line":3,"column":23}},{"start":{"line":3,"column":27},"end":{"line":3,"column":38}}],"line":3},"2":{"loc":{"start":{"line":8,"column":10},"end":{"line":18,"column":22}},"type":"if","locations":[{"start":{"line":8,"column":10},"end":{"line":18,"column":22}},{"start":{"line":8,"column":10},"end":{"line":18,"column":22}}],"line":8},"3":{"loc":{"start":{"line":13,"column":12},"end":{"line":18,"column":22}},"type":"if","locations":[{"start":{"line":13,"column":12},"end":{"line":18,"column":22}},{"start":{"line":13,"column":12},"end":{"line":18,"column":22}}],"line":13}},"s":{"0":4,"1":1,"2":3,"3":2,"4":1,"5":1,"6":0,"7":1,"8":1,"9":1},"f":{"0":4},"b":{"0":[1,3],"1":[4,3],"2":[2,1],"3":[1,0]},"_coverageSchema":"43e27e138ebf9cfc5966b082cf9a028302ed4184","hash":"2618465b2d66bbee4cfec6b83829fc692955eeab"}
}
