TN:
SF:/Users/rodrigotorricodelcastillo/RefactoringFizzBuzz/fizzBuzz.js
FN:1,isFizz
FN:5,isBuzz
FN:9,isFizzBuzz
FN:14,getFizzBuzzOf
FN:27,fizzBuzzSequenceTo
FNF:5
FNH:5
FNDA:207,isFizz
FNDA:108,isBuzz
FNDA:108,isFizzBuzz
FNDA:108,getFizzBuzzOf
FNDA:1,fizzBuzzSequenceTo
DA:2,207
DA:6,108
DA:10,108
DA:15,108
DA:17,9
DA:19,29
DA:21,15
DA:23,55
DA:28,1
DA:29,100
DA:33,1
DA:35,1
LF:12
LH:12
BRDA:10,0,0,108
BRDA:10,0,1,38
BRDA:15,1,0,9
BRDA:15,1,1,29
BRDA:15,1,2,15
BRDA:15,1,3,55
BRF:6
BRH:6
end_of_record
